<?xml version="1.0" encoding="UTF-8"?>
<robot generator="Robot 5.0 (Python 3.11.3 on win32)" generated="20250220 17:19:03.089" rpa="false" schemaversion="3">
<suite id="s1" name="Demo" source="C:\Users\prasertkhr\Desktop\github\Robot Framework\testcase\demo.robot">
<kw name="Open Browser" library="SeleniumLibrary" type="SETUP">
<arg>${url_demo}</arg>
<arg>chrome</arg>
<doc>Opens a new browser instance to the optional ``url``.</doc>
<msg timestamp="20250220 17:19:03.753" level="INFO">Opening browser 'chrome' to base url 'https://www.saucedemo.com/v1/index.html'.</msg>
<status status="PASS" starttime="20250220 17:19:03.752" endtime="20250220 17:19:08.185"/>
</kw>
<test id="s1-t1" name="Add Product to Cart" line="9">
<kw name="Log in" library="login_demo" type="SETUP">
<kw name="Maximize Browser Window" library="SeleniumLibrary">
<doc>Maximizes current browser window.</doc>
<status status="PASS" starttime="20250220 17:19:08.189" endtime="20250220 17:19:08.260"/>
</kw>
<kw name="Input Text" library="SeleniumLibrary">
<arg>name=user-name</arg>
<arg>standard_user</arg>
<doc>Types the given ``text`` into the text field identified by ``locator``.</doc>
<msg timestamp="20250220 17:19:08.263" level="INFO">Typing text 'standard_user' into text field 'name=user-name'.</msg>
<status status="PASS" starttime="20250220 17:19:08.261" endtime="20250220 17:19:08.444"/>
</kw>
<kw name="Input Password" library="SeleniumLibrary">
<arg>name=password</arg>
<arg>secret_sauce</arg>
<doc>Types the given password into the text field identified by ``locator``.</doc>
<msg timestamp="20250220 17:19:08.444" level="INFO">Typing password into text field 'name=password'.</msg>
<msg timestamp="20250220 17:19:08.516" level="INFO">Temporally setting log level to: NONE</msg>
<msg timestamp="20250220 17:19:08.587" level="INFO">Log level changed from NONE to INFO.</msg>
<status status="PASS" starttime="20250220 17:19:08.444" endtime="20250220 17:19:08.587"/>
</kw>
<kw name="Click Button" library="SeleniumLibrary">
<arg>id=login-button</arg>
<doc>Clicks the button identified by ``locator``.</doc>
<msg timestamp="20250220 17:19:08.589" level="INFO">Clicking button 'id=login-button'.</msg>
<status status="PASS" starttime="20250220 17:19:08.588" endtime="20250220 17:19:09.967"/>
</kw>
<status status="PASS" starttime="20250220 17:19:08.188" endtime="20250220 17:19:09.967"/>
</kw>
<kw name="Search Product To Cart" library="add_product">
<var>@{product_name}</var>
<arg>${product_name}[product_name_1]</arg>
<arg>${product_name}[product_name_2]</arg>
<kw name="Create List" library="BuiltIn">
<var>@{product_name}</var>
<arg>${product1}</arg>
<arg>${product2}</arg>
<doc>Returns a list containing given items.</doc>
<msg timestamp="20250220 17:19:09.970" level="INFO">@{product_name} = [ Sauce Labs Backpack | Sauce Labs Bike Light ]</msg>
<status status="PASS" starttime="20250220 17:19:09.969" endtime="20250220 17:19:09.970"/>
</kw>
<return>
<value>@{product_name}</value>
<status status="PASS" starttime="20250220 17:19:09.970" endtime="20250220 17:19:09.972"/>
</return>
<msg timestamp="20250220 17:19:09.972" level="INFO">@{product_name} = [ Sauce Labs Backpack | Sauce Labs Bike Light ]</msg>
<status status="PASS" starttime="20250220 17:19:09.968" endtime="20250220 17:19:09.972"/>
</kw>
<for flavor="IN">
<var>${index}</var>
<value>@{product_name}</value>
<iter>
<var name="${index}">Sauce Labs Backpack</var>
<kw name="Log To Console" library="BuiltIn">
<arg>${index}</arg>
<doc>Logs the given message to the console.</doc>
<status status="PASS" starttime="20250220 17:19:09.975" endtime="20250220 17:19:09.976"/>
</kw>
<kw name="Click Add Product To Cart" library="add_product">
<arg>${index}</arg>
<kw name="Click Button" library="SeleniumLibrary">
<arg>//div[text()='${product}']/ancestor::div[@class='inventory_item']//button</arg>
<doc>Clicks the button identified by ``locator``.</doc>
<msg timestamp="20250220 17:19:09.977" level="INFO">Clicking button '//div[text()='Sauce Labs Backpack']/ancestor::div[@class='inventory_item']//button'.</msg>
<status status="PASS" starttime="20250220 17:19:09.977" endtime="20250220 17:19:10.143"/>
</kw>
<status status="PASS" starttime="20250220 17:19:09.976" endtime="20250220 17:19:10.143"/>
</kw>
<status status="PASS" starttime="20250220 17:19:09.974" endtime="20250220 17:19:10.143"/>
</iter>
<iter>
<var name="${index}">Sauce Labs Bike Light</var>
<kw name="Log To Console" library="BuiltIn">
<arg>${index}</arg>
<doc>Logs the given message to the console.</doc>
<status status="PASS" starttime="20250220 17:19:10.143" endtime="20250220 17:19:10.144"/>
</kw>
<kw name="Click Add Product To Cart" library="add_product">
<arg>${index}</arg>
<kw name="Click Button" library="SeleniumLibrary">
<arg>//div[text()='${product}']/ancestor::div[@class='inventory_item']//button</arg>
<doc>Clicks the button identified by ``locator``.</doc>
<msg timestamp="20250220 17:19:10.145" level="INFO">Clicking button '//div[text()='Sauce Labs Bike Light']/ancestor::div[@class='inventory_item']//button'.</msg>
<status status="PASS" starttime="20250220 17:19:10.145" endtime="20250220 17:19:10.229"/>
</kw>
<status status="PASS" starttime="20250220 17:19:10.144" endtime="20250220 17:19:10.229"/>
</kw>
<status status="PASS" starttime="20250220 17:19:10.143" endtime="20250220 17:19:10.229"/>
</iter>
<status status="PASS" starttime="20250220 17:19:09.974" endtime="20250220 17:19:10.229"/>
</for>
<status status="PASS" starttime="20250220 17:19:08.186" endtime="20250220 17:19:10.230"/>
</test>
<kw name="Close Browser" library="SeleniumLibrary" type="TEARDOWN">
<doc>Closes the current browser.</doc>
<status status="PASS" starttime="20250220 17:19:10.231" endtime="20250220 17:19:13.653"/>
</kw>
<status status="PASS" starttime="20250220 17:19:03.121" endtime="20250220 17:19:13.654"/>
</suite>
<statistics>
<total>
<stat pass="1" fail="0" skip="0">All Tests</stat>
</total>
<tag>
</tag>
<suite>
<stat pass="1" fail="0" skip="0" id="s1" name="Demo">Demo</stat>
</suite>
</statistics>
<errors>
</errors>
</robot>
