<?xml version="1.0" encoding="UTF-8"?>
<robot generator="Robot 5.0 (Python 3.11.3 on win32)" generated="20240717 16:05:36.947" rpa="false" schemaversion="3">
<suite id="s1" name="Register" source="C:\Users\prasertkhr\Desktop\clonetest\Robot-Framework\Robot Framework\testcase\register.robot">
<kw name="Open Browser" library="SeleniumLibrary" type="SETUP">
<arg>${url}</arg>
<arg>chrome</arg>
<doc>Opens a new browser instance to the optional ``url``.</doc>
<msg timestamp="20240717 16:05:37.409" level="INFO">Opening browser 'chrome' to base url 'https://futureskill.co'.</msg>
<status status="PASS" starttime="20240717 16:05:37.409" endtime="20240717 16:05:45.295"/>
</kw>
<test id="s1-t1" name="Register" line="13">
<kw name="Wait until element is ready then click element" library="common">
<arg>//button[text()="สมัครสมาชิก"]</arg>
<kw name="Wait Until Keyword Succeeds" library="BuiltIn">
<arg>3x</arg>
<arg>3s</arg>
<arg>Click Element</arg>
<arg>${loactor}</arg>
<doc>Runs the specified keyword and retries if it fails.</doc>
<kw name="Click Element" library="SeleniumLibrary">
<arg>${loactor}</arg>
<doc>Click the element identified by ``locator``.</doc>
<msg timestamp="20240717 16:05:45.301" level="INFO">Clicking element '//button[text()="สมัครสมาชิก"]'.</msg>
<kw name="Capture Page Screenshot" library="SeleniumLibrary">
<doc>Takes a screenshot of the current page and embeds it into a log file.</doc>
<msg timestamp="20240717 16:05:45.455" level="INFO" html="true">&lt;/td&gt;&lt;/tr&gt;&lt;tr&gt;&lt;td colspan="3"&gt;&lt;a href="selenium-screenshot-1.png"&gt;&lt;img src="selenium-screenshot-1.png" width="800px"&gt;&lt;/a&gt;</msg>
<status status="PASS" starttime="20240717 16:05:45.324" endtime="20240717 16:05:45.455"/>
</kw>
<msg timestamp="20240717 16:05:45.456" level="FAIL">Element with locator '//button[text()="สมัครสมาชิก"]' not found.</msg>
<status status="FAIL" starttime="20240717 16:05:45.300" endtime="20240717 16:05:45.465"/>
</kw>
<kw name="Click Element" library="SeleniumLibrary">
<arg>${loactor}</arg>
<doc>Click the element identified by ``locator``.</doc>
<msg timestamp="20240717 16:05:48.466" level="INFO">Clicking element '//button[text()="สมัครสมาชิก"]'.</msg>
<status status="PASS" starttime="20240717 16:05:48.466" endtime="20240717 16:06:07.269"/>
</kw>
<status status="PASS" starttime="20240717 16:05:45.300" endtime="20240717 16:06:07.269"/>
</kw>
<status status="PASS" starttime="20240717 16:05:45.295" endtime="20240717 16:06:07.269"/>
</kw>
<kw name="Wail until element is readt then input data" library="common">
<arg>name=email</arg>
<arg>${email}</arg>
<kw name="Input Text" library="SeleniumLibrary">
<arg>${loactor}</arg>
<arg>${data}</arg>
<doc>Types the given ``text`` into the text field identified by ``locator``.</doc>
<msg timestamp="20240717 16:06:07.273" level="INFO">Typing text 'robot123@gmail.com' into text field 'name=email'.</msg>
<status status="PASS" starttime="20240717 16:06:07.271" endtime="20240717 16:06:08.850"/>
</kw>
<status status="PASS" starttime="20240717 16:06:07.270" endtime="20240717 16:06:08.850"/>
</kw>
<kw name="input firstname and input lastname" library="registerKeywords">
<arg>${fname}</arg>
<arg>${lname}</arg>
<kw name="Input Text" library="SeleniumLibrary">
<arg>name=firstName</arg>
<arg>${fname}</arg>
<doc>Types the given ``text`` into the text field identified by ``locator``.</doc>
<msg timestamp="20240717 16:06:08.855" level="INFO">Typing text 'ทดสอบ' into text field 'name=firstName'.</msg>
<status status="PASS" starttime="20240717 16:06:08.855" endtime="20240717 16:06:09.507"/>
</kw>
<kw name="Input Text" library="SeleniumLibrary">
<arg>name=lastName</arg>
<arg>${lname}</arg>
<doc>Types the given ``text`` into the text field identified by ``locator``.</doc>
<msg timestamp="20240717 16:06:09.508" level="INFO">Typing text 'โรบอท' into text field 'name=lastName'.</msg>
<status status="PASS" starttime="20240717 16:06:09.507" endtime="20240717 16:06:09.622"/>
</kw>
<status status="PASS" starttime="20240717 16:06:08.850" endtime="20240717 16:06:09.622"/>
</kw>
<kw name="Wail until element is readt then input data" library="common">
<arg>name=phoneNumber</arg>
<arg>${phone}</arg>
<kw name="Input Text" library="SeleniumLibrary">
<arg>${loactor}</arg>
<arg>${data}</arg>
<doc>Types the given ``text`` into the text field identified by ``locator``.</doc>
<msg timestamp="20240717 16:06:09.622" level="INFO">Typing text '0900000001' into text field 'name=phoneNumber'.</msg>
<status status="PASS" starttime="20240717 16:06:09.622" endtime="20240717 16:06:09.817"/>
</kw>
<status status="PASS" starttime="20240717 16:06:09.622" endtime="20240717 16:06:09.817"/>
</kw>
<kw name="input newpassword and input confirmpassword" library="registerKeywords">
<arg>${password}</arg>
<kw name="Input Text" library="SeleniumLibrary">
<arg>name=newPassword</arg>
<arg>${data}</arg>
<doc>Types the given ``text`` into the text field identified by ``locator``.</doc>
<msg timestamp="20240717 16:06:09.819" level="INFO">Typing text 'Xxxxtest123' into text field 'name=newPassword'.</msg>
<status status="PASS" starttime="20240717 16:06:09.819" endtime="20240717 16:06:09.928"/>
</kw>
<kw name="Input Text" library="SeleniumLibrary">
<arg>name=confirmPassword</arg>
<arg>${data}</arg>
<doc>Types the given ``text`` into the text field identified by ``locator``.</doc>
<msg timestamp="20240717 16:06:09.929" level="INFO">Typing text 'Xxxxtest123' into text field 'name=confirmPassword'.</msg>
<status status="PASS" starttime="20240717 16:06:09.928" endtime="20240717 16:06:10.381"/>
</kw>
<status status="PASS" starttime="20240717 16:06:09.819" endtime="20240717 16:06:10.381"/>
</kw>
<kw name="select consent" library="registerKeywords">
<kw name="Select Checkbox" library="SeleniumLibrary">
<arg>name=consent</arg>
<doc>Selects the checkbox identified by ``locator``.</doc>
<msg timestamp="20240717 16:06:10.382" level="INFO">Selecting checkbox 'name=consent'.</msg>
<status status="PASS" starttime="20240717 16:06:10.381" endtime="20240717 16:06:10.499"/>
</kw>
<status status="PASS" starttime="20240717 16:06:10.381" endtime="20240717 16:06:10.500"/>
</kw>
<kw name="click button confirm register" library="registerKeywords">
<kw name="Click Element" library="SeleniumLibrary">
<arg>//button[@type="submit" and text()="สมัครสมาชิก"]</arg>
<doc>Click the element identified by ``locator``.</doc>
<msg timestamp="20240717 16:06:10.503" level="INFO">Clicking element '//button[@type="submit" and text()="สมัครสมาชิก"]'.</msg>
<status status="PASS" starttime="20240717 16:06:10.502" endtime="20240717 16:06:10.646"/>
</kw>
<status status="PASS" starttime="20240717 16:06:10.501" endtime="20240717 16:06:10.646"/>
</kw>
<kw name="Wait Until Keyword Succeeds" library="BuiltIn">
<var>${data}</var>
<arg>2x</arg>
<arg>4s</arg>
<arg>Get Text</arg>
<arg>//*[@class='text-center']</arg>
<doc>Runs the specified keyword and retries if it fails.</doc>
<kw name="Get Text" library="SeleniumLibrary">
<arg>//*[@class='text-center']</arg>
<doc>Returns the text value of the element identified by ``locator``.</doc>
<kw name="Capture Page Screenshot" library="SeleniumLibrary">
<doc>Takes a screenshot of the current page and embeds it into a log file.</doc>
<msg timestamp="20240717 16:06:10.796" level="INFO" html="true">&lt;/td&gt;&lt;/tr&gt;&lt;tr&gt;&lt;td colspan="3"&gt;&lt;a href="selenium-screenshot-2.png"&gt;&lt;img src="selenium-screenshot-2.png" width="800px"&gt;&lt;/a&gt;</msg>
<status status="PASS" starttime="20240717 16:06:10.680" endtime="20240717 16:06:10.796"/>
</kw>
<msg timestamp="20240717 16:06:10.796" level="FAIL">Element with locator '//*[@class='text-center']' not found.</msg>
<status status="FAIL" starttime="20240717 16:06:10.648" endtime="20240717 16:06:10.796"/>
</kw>
<kw name="Get Text" library="SeleniumLibrary">
<arg>//*[@class='text-center']</arg>
<doc>Returns the text value of the element identified by ``locator``.</doc>
<status status="PASS" starttime="20240717 16:06:14.796" endtime="20240717 16:06:14.833"/>
</kw>
<msg timestamp="20240717 16:06:14.833" level="INFO">${data} = ระบบได้ส่งรหัส OTP ไปยังเบอร์โทรศัพท์XX-XXXX-0001</msg>
<status status="PASS" starttime="20240717 16:06:10.647" endtime="20240717 16:06:14.833"/>
</kw>
<kw name="Should Be Equal" library="BuiltIn">
<arg>ระบบได้ส่งรหัส OTP ไปยังเบอร์โทรศัพท์XX-XXXX-0001</arg>
<arg>${data}</arg>
<doc>Fails if the given objects are unequal.</doc>
<status status="PASS" starttime="20240717 16:06:14.834" endtime="20240717 16:06:14.834"/>
</kw>
<status status="PASS" starttime="20240717 16:05:45.295" endtime="20240717 16:06:14.835"/>
</test>
<kw name="Close Browser" library="SeleniumLibrary" type="TEARDOWN">
<doc>Closes the current browser.</doc>
<status status="PASS" starttime="20240717 16:06:14.837" endtime="20240717 16:06:18.216"/>
</kw>
<status status="PASS" starttime="20240717 16:05:36.967" endtime="20240717 16:06:18.216"/>
</suite>
<statistics>
<total>
<stat pass="1" fail="0" skip="0">All Tests</stat>
</total>
<tag>
</tag>
<suite>
<stat pass="1" fail="0" skip="0" id="s1" name="Register">Register</stat>
</suite>
</statistics>
<errors>
</errors>
</robot>
